[25/Apr/2021:18:02:40 +0000] GET 304 / [HTTP/1.1] 13
[25/Apr/2021:18:02:41 +0000] GET 304 /api/read [HTTP/1.1] 99
[25/Apr/2021:18:40:51 +0000] GET 302 /api/logout [HTTP/1.1] 27
[25/Apr/2021:18:40:51 +0000] GET 200 / [HTTP/1.1] 6
[25/Apr/2021:18:40:51 +0000] GET 304 /api/read [HTTP/1.1] 75
[25/Apr/2021:18:40:52 +0000] GET 304 / [HTTP/1.1] 0
[25/Apr/2021:18:40:52 +0000] GET 304 /api/read [HTTP/1.1] 8
[25/Apr/2021:18:41:00 +0000] POST 200 /api/register-client [HTTP/1.1] 15
[25/Apr/2021:18:41:10 +0000] POST 200 /api/register-client [HTTP/1.1] 4
[25/Apr/2021:18:41:13 +0000] POST 200 /api/register-client [HTTP/1.1] 5
[25/Apr/2021:18:41:20 +0000] POST 200 /api/register-client [HTTP/1.1] 3
[25/Apr/2021:18:41:20 +0000] POST 200 /api/register-client [HTTP/1.1] 2
[25/Apr/2021:18:41:21 +0000] POST 200 /api/register-client [HTTP/1.1] 2
[25/Apr/2021:18:41:21 +0000] POST 200 /api/register-client [HTTP/1.1] 5
[25/Apr/2021:18:41:23 +0000] GET 304 / [HTTP/1.1] 1
[25/Apr/2021:18:41:39 +0000] GET 304 / [HTTP/1.1] 1
[25/Apr/2021:18:41:44 +0000] POST 200 /api/register-onwner [HTTP/1.1] 127
[25/Apr/2021:18:42:27 +0000] GET 304 / [HTTP/1.1] 0
[25/Apr/2021:18:42:32 +0000] POST 200 /api/register-client [HTTP/1.1] 3
[25/Apr/2021:18:45:10 +0000] POST 200 /api/register-client [HTTP/1.1] 2
[25/Apr/2021:18:45:19 +0000] POST 200 /api/register-client [HTTP/1.1] 3
[25/Apr/2021:18:45:38 +0000] POST 200 /api/register-client [HTTP/1.1] 2
[25/Apr/2021:18:48:10 +0000] GET 304 / [HTTP/1.1] 11
[25/Apr/2021:18:48:14 +0000] POST 200 /api/register-client [HTTP/1.1] 19
[25/Apr/2021:18:48:20 +0000] POST 200 /api/register-client [HTTP/1.1] 3
[25/Apr/2021:18:49:01 +0000] POST 200 /api/register-client [HTTP/1.1] 21
[25/Apr/2021:18:49:20 +0000] POST 200 /api/register-client [HTTP/1.1] 15
[25/Apr/2021:18:49:26 +0000] POST 200 /api/register-client [HTTP/1.1] 4
[25/Apr/2021:18:50:25 +0000] POST 200 /api/register-client [HTTP/1.1] 3
[25/Apr/2021:18:50:31 +0000] GET 304 / [HTTP/1.1] 2
[25/Apr/2021:18:50:52 +0000] POST 200 /api/register-onwner [HTTP/1.1] 107
[25/Apr/2021:18:51:17 +0000] GET 304 / [HTTP/1.1] 1
[25/Apr/2021:18:51:18 +0000] POST 200 /api/register-onwner [HTTP/1.1] 89
[25/Apr/2021:18:53:09 +0000] GET 304 /api/read [HTTP/1.1] 37
[25/Apr/2021:18:53:11 +0000] GET 304 / [HTTP/1.1] 2
[25/Apr/2021:18:53:13 +0000] POST 200 /api/register-onwner [HTTP/1.1] 22
[25/Apr/2021:18:53:30 +0000] POST 200 /api/register-onwner [HTTP/1.1] 8
[25/Apr/2021:18:53:36 +0000] POST 200 /api/register-onwner [HTTP/1.1] 17
[25/Apr/2021:18:53:41 +0000] POST 200 /api/register-onwner [HTTP/1.1] 4
[25/Apr/2021:18:53:52 +0000] POST 200 /api/register-onwner [HTTP/1.1] 3
[25/Apr/2021:18:53:52 +0000] POST 200 /api/register-onwner [HTTP/1.1] 3
[25/Apr/2021:18:54:00 +0000] POST 200 /api/register-onwner [HTTP/1.1] 4
[25/Apr/2021:18:54:23 +0000] POST 200 /api/register-onwner [HTTP/1.1] 143
[25/Apr/2021:18:55:21 +0000] POST 200 /api/register-onwner [HTTP/1.1] 53
[25/Apr/2021:18:55:34 +0000] POST 200 /api/register-onwner [HTTP/1.1] 75
[25/Apr/2021:18:56:09 +0000] GET 304 / [HTTP/1.1] 1
[25/Apr/2021:18:56:22 +0000] POST 200 /api/register-client [HTTP/1.1] 4
[25/Apr/2021:18:56:29 +0000] POST 200 /api/register-client [HTTP/1.1] 4
[25/Apr/2021:18:58:02 +0000] POST 200 /api/register-client [HTTP/1.1] 26
[25/Apr/2021:18:58:07 +0000] POST 200 /api/register-client [HTTP/1.1] 2
[25/Apr/2021:18:58:25 +0000] POST 200 /api/register-client [HTTP/1.1] 131
[25/Apr/2021:18:58:37 +0000] POST 200 /api/register-client [HTTP/1.1] 72
[25/Apr/2021:19:01:10 +0000] GET 304 / [HTTP/1.1] 6
[25/Apr/2021:19:01:21 +0000] POST 200 /api/register-client [HTTP/1.1] 16
[25/Apr/2021:19:01:42 +0000] POST 200 /api/register-client [HTTP/1.1] 28
[25/Apr/2021:19:01:49 +0000] POST 200 /api/register-client [HTTP/1.1] 131
[25/Apr/2021:20:31:00 +0000] GET 304 / [HTTP/1.1] 2
[25/Apr/2021:20:31:00 +0000] GET 200 /api/read [HTTP/1.1] 30
[25/Apr/2021:20:31:01 +0000] GET 304 / [HTTP/1.1] 0
[25/Apr/2021:20:31:01 +0000] GET 304 /api/read [HTTP/1.1] 11
[25/Apr/2021:20:31:15 +0000] GET 304 / [HTTP/1.1] 1
[25/Apr/2021:20:31:15 +0000] GET 200 /api/read [HTTP/1.1] 9
[25/Apr/2021:20:31:28 +0000] GET 304 / [HTTP/1.1] 0
[25/Apr/2021:20:31:28 +0000] GET 200 /api/read [HTTP/1.1] 3
[25/Apr/2021:20:32:35 +0000] POST 200 /api/login-owner [HTTP/1.1] 24
[25/Apr/2021:20:32:37 +0000] GET 200 / [HTTP/1.1] 3
[25/Apr/2021:20:32:37 +0000] GET 304 /api/read [HTTP/1.1] 4
[25/Apr/2021:20:32:38 +0000] GET 200 /api/read-owner [HTTP/1.1] 19
[25/Apr/2021:20:32:42 +0000] GET 304 /api/car-requist [HTTP/1.1] 9
[25/Apr/2021:20:37:34 +0000] GET 304 /api/car-requist [HTTP/1.1] 6
[25/Apr/2021:20:39:42 +0000] GET 304 / [HTTP/1.1] 4
[25/Apr/2021:20:39:42 +0000] GET 304 /api/read [HTTP/1.1] 24
[25/Apr/2021:20:39:44 +0000] GET 304 /api/read-owner [HTTP/1.1] 16
[25/Apr/2021:20:39:46 +0000] GET 304 /api/car-requist [HTTP/1.1] 10
[25/Apr/2021:20:40:07 +0000] GET 304 /api/read-owner [HTTP/1.1] 12
[25/Apr/2021:20:40:10 +0000] GET 304 / [HTTP/1.1] 4
[25/Apr/2021:20:40:10 +0000] GET 304 /api/read [HTTP/1.1] 7
[25/Apr/2021:20:40:12 +0000] GET 304 /api/read-owner [HTTP/1.1] 6
[25/Apr/2021:20:40:13 +0000] GET 304 /api/car-requist [HTTP/1.1] 11
[25/Apr/2021:20:40:19 +0000] POST 200 /api/confirm-requist [HTTP/1.1] 18
[25/Apr/2021:20:40:19 +0000] GET 304 / [HTTP/1.1] 2
[25/Apr/2021:20:40:20 +0000] GET 200 /api/read [HTTP/1.1] 4
[25/Apr/2021:20:40:22 +0000] GET 200 /api/read-owner [HTTP/1.1] 8
[25/Apr/2021:20:40:30 +0000] GET 200 /api/car-requist [HTTP/1.1] 9
[25/Apr/2021:20:40:33 +0000] GET 304 /api/read-owner [HTTP/1.1] 6
[25/Apr/2021:20:40:35 +0000] GET 304 /api/car-requist [HTTP/1.1] 8
[25/Apr/2021:20:40:54 +0000] GET 304 /api/read-owner [HTTP/1.1] 10
[25/Apr/2021:20:40:54 +0000] GET 200 /favicon.ico [HTTP/1.1] 1
[26/Apr/2021:10:36:53 +0000] GET 200 / [HTTP/1.1] 33
[26/Apr/2021:10:36:53 +0000] GET 200 /api/read [HTTP/1.1] 123
[26/Apr/2021:10:37:00 +0000] GET 200 /api/read-owner [HTTP/1.1] 35
[26/Apr/2021:10:37:01 +0000] GET 304 /api/read [HTTP/1.1] 5
[26/Apr/2021:10:37:39 +0000] GET 304 /api/read-owner [HTTP/1.1] 13
[26/Apr/2021:10:37:40 +0000] GET 304 /api/read [HTTP/1.1] 4
[26/Apr/2021:10:40:09 +0000] GET 302 /api/logout [HTTP/1.1] 11
[26/Apr/2021:10:40:09 +0000] GET 304 /api/read [HTTP/1.1] 4
[26/Apr/2021:10:40:09 +0000] GET 200 / [HTTP/1.1] 0
[26/Apr/2021:10:40:09 +0000] GET 304 /api/read [HTTP/1.1] 8
[26/Apr/2021:10:40:09 +0000] GET 304 / [HTTP/1.1] 1
[26/Apr/2021:10:42:15 +0000] POST 200 /api/login-owner [HTTP/1.1] 10
[26/Apr/2021:10:42:16 +0000] GET 304 / [HTTP/1.1] 1
[26/Apr/2021:10:42:19 +0000] GET 304 /api/read [HTTP/1.1] 5
[26/Apr/2021:10:42:24 +0000] GET 304 / [HTTP/1.1] 0
[26/Apr/2021:10:42:24 +0000] GET 304 /api/read [HTTP/1.1] 9
[26/Apr/2021:10:42:38 +0000] POST 200 /api/login-owner [HTTP/1.1] 3
[26/Apr/2021:10:42:40 +0000] GET 304 / [HTTP/1.1] 1
[26/Apr/2021:10:42:51 +0000] POST 200 /api/login-owner [HTTP/1.1] 3
[26/Apr/2021:10:42:52 +0000] GET 304 / [HTTP/1.1] 1
[26/Apr/2021:10:43:28 +0000] POST 200 /api/login-owner [HTTP/1.1] 69
[26/Apr/2021:10:43:30 +0000] GET 200 / [HTTP/1.1] 5
[26/Apr/2021:10:43:30 +0000] GET 304 /api/read [HTTP/1.1] 11
[26/Apr/2021:10:44:56 +0000] GET 304 / [HTTP/1.1] 1
[26/Apr/2021:10:44:56 +0000] GET 304 /api/read [HTTP/1.1] 14
[26/Apr/2021:10:44:57 +0000] GET 302 /api/logout [HTTP/1.1] 1
[26/Apr/2021:10:44:57 +0000] GET 304 /api/read [HTTP/1.1] 4
[26/Apr/2021:10:44:57 +0000] GET 200 / [HTTP/1.1] 0
[26/Apr/2021:10:44:58 +0000] GET 304 / [HTTP/1.1] 0
[26/Apr/2021:10:44:58 +0000] GET 304 /api/read [HTTP/1.1] 10
[26/Apr/2021:10:45:34 +0000] GET 304 / [HTTP/1.1] 1
[26/Apr/2021:10:45:34 +0000] GET 304 /api/read [HTTP/1.1] 18
[26/Apr/2021:10:46:00 +0000] GET 304 / [HTTP/1.1] 1
[26/Apr/2021:10:46:00 +0000] GET 304 /api/read [HTTP/1.1] 10
[26/Apr/2021:10:46:51 +0000] GET 304 / [HTTP/1.1] 1
[26/Apr/2021:10:46:51 +0000] GET 304 /api/read [HTTP/1.1] 17
[26/Apr/2021:10:49:26 +0000] GET 304 / [HTTP/1.1] 1
[26/Apr/2021:10:49:27 +0000] GET 304 /api/read [HTTP/1.1] 12
[26/Apr/2021:10:49:54 +0000] GET 304 /api/read [HTTP/1.1] 4
[26/Apr/2021:10:50:09 +0000] GET 304 /api/read [HTTP/1.1] 6
[26/Apr/2021:10:51:13 +0000] POST 200 /api/login-client [HTTP/1.1] 3
[26/Apr/2021:10:51:15 +0000] GET 304 / [HTTP/1.1] 1
[26/Apr/2021:10:51:30 +0000] POST 200 /api/login-owner [HTTP/1.1] 34
[26/Apr/2021:10:51:32 +0000] GET 200 / [HTTP/1.1] 1
[26/Apr/2021:10:51:32 +0000] GET 304 /api/read [HTTP/1.1] 6
[26/Apr/2021:10:51:35 +0000] GET 304 /api/read-owner [HTTP/1.1] 9
[26/Apr/2021:10:52:13 +0000] GET 304 /api/read-owner [HTTP/1.1] 17
[26/Apr/2021:10:52:19 +0000] GET 304 / [HTTP/1.1] 1
[26/Apr/2021:10:52:19 +0000] GET 304 /api/read [HTTP/1.1] 9
[26/Apr/2021:10:52:20 +0000] GET 304 /api/read-owner [HTTP/1.1] 13
[26/Apr/2021:10:52:30 +0000] GET 200 /api/car-requist [HTTP/1.1] 21
[26/Apr/2021:10:53:15 +0000] GET 304 /api/read [HTTP/1.1] 4
[26/Apr/2021:10:53:16 +0000] GET 304 /api/read-owner [HTTP/1.1] 11
[26/Apr/2021:10:53:20 +0000] GET 304 /api/car-requist [HTTP/1.1] 14
[26/Apr/2021:11:11:51 +0000] GET 304 / [HTTP/1.1] 4
[26/Apr/2021:11:11:51 +0000] GET 200 /api/profile [HTTP/1.1] 48
[26/Apr/2021:11:12:02 +0000] GET 304 / [HTTP/1.1] 1
[26/Apr/2021:11:12:02 +0000] GET 304 /api/profile [HTTP/1.1] 13
[26/Apr/2021:11:12:34 +0000] GET 304 / [HTTP/1.1] 8
[26/Apr/2021:11:12:37 +0000] GET - /api/profile [HTTP/1.1] -
[26/Apr/2021:11:12:38 +0000] GET 304 / [HTTP/1.1] 1
[26/Apr/2021:11:13:40 +0000] GET 200 /api/profile [HTTP/1.1] 66
[26/Apr/2021:11:14:48 +0000] GET 304 / [HTTP/1.1] 2
[26/Apr/2021:11:14:48 +0000] GET 304 /api/profile [HTTP/1.1] 12
[26/Apr/2021:11:15:09 +0000] GET 304 / [HTTP/1.1] 2
[26/Apr/2021:11:15:09 +0000] GET 304 /api/profile [HTTP/1.1] 13
[26/Apr/2021:11:15:32 +0000] GET 304 /api/profile [HTTP/1.1] 5
[26/Apr/2021:11:16:01 +0000] GET 304 /api/profile [HTTP/1.1] 15
[26/Apr/2021:11:16:01 +0000] GET 304 / [HTTP/1.1] 1
[26/Apr/2021:11:16:25 +0000] GET 304 / [HTTP/1.1] 2
[26/Apr/2021:11:16:25 +0000] GET 304 /api/profile [HTTP/1.1] 16
[26/Apr/2021:11:16:29 +0000] GET 304 / [HTTP/1.1] 1
[26/Apr/2021:11:16:29 +0000] GET 304 /api/profile [HTTP/1.1] 11
[26/Apr/2021:11:17:01 +0000] GET 304 /api/profile [HTTP/1.1] 9
[26/Apr/2021:11:17:04 +0000] GET 304 / [HTTP/1.1] 1
[26/Apr/2021:11:17:04 +0000] GET 304 /api/profile [HTTP/1.1] 7
[26/Apr/2021:11:17:15 +0000] GET 304 /api/profile [HTTP/1.1] 10
[26/Apr/2021:11:17:18 +0000] GET 304 / [HTTP/1.1] 1
[26/Apr/2021:11:17:18 +0000] GET 304 /api/profile [HTTP/1.1] 8
[26/Apr/2021:11:18:27 +0000] GET 304 /api/profile [HTTP/1.1] 8
[26/Apr/2021:11:18:39 +0000] GET 304 /api/profile [HTTP/1.1] 4
[26/Apr/2021:11:20:48 +0000] GET 304 /api/profile [HTTP/1.1] 3
[26/Apr/2021:11:20:54 +0000] GET 304 / [HTTP/1.1] 0
[26/Apr/2021:11:20:54 +0000] GET 304 /api/profile [HTTP/1.1] 6
[26/Apr/2021:11:21:36 +0000] GET 200 / [HTTP/1.1] 1
[26/Apr/2021:11:21:36 +0000] GET 200 /api/read [HTTP/1.1] 19
[26/Apr/2021:11:21:53 +0000] POST 200 /api/login-client [HTTP/1.1] 49
[26/Apr/2021:11:21:55 +0000] GET 200 / [HTTP/1.1] 1
[26/Apr/2021:11:21:55 +0000] GET 304 /api/read [HTTP/1.1] 6
[26/Apr/2021:11:21:56 +0000] GET 200 /api/car-requist [HTTP/1.1] 11
[26/Apr/2021:11:22:03 +0000] GET 304 / [HTTP/1.1] 0
[26/Apr/2021:11:22:03 +0000] GET 200 /api/profile [HTTP/1.1] 6
[26/Apr/2021:11:22:50 +0000] GET 304 /api/profile [HTTP/1.1] 5
[26/Apr/2021:11:22:50 +0000] GET 304 /api/profile [HTTP/1.1] 5
[26/Apr/2021:11:22:59 +0000] GET 304 /api/profile [HTTP/1.1] 3
[26/Apr/2021:11:22:59 +0000] GET 304 /api/profile [HTTP/1.1] 4
[26/Apr/2021:11:23:37 +0000] GET 304 /api/profile [HTTP/1.1] 3
[26/Apr/2021:11:23:37 +0000] GET 304 /api/profile [HTTP/1.1] 6
[26/Apr/2021:11:23:41 +0000] GET 304 / [HTTP/1.1] 1
[26/Apr/2021:11:23:41 +0000] GET 304 /api/profile [HTTP/1.1] 9
[26/Apr/2021:11:24:05 +0000] GET 304 /api/profile [HTTP/1.1] 6
[26/Apr/2021:11:24:05 +0000] GET 304 /api/profile [HTTP/1.1] 3
[26/Apr/2021:11:24:16 +0000] GET 304 / [HTTP/1.1] 1
[26/Apr/2021:11:24:16 +0000] GET 304 /api/profile [HTTP/1.1] 7
[26/Apr/2021:11:26:23 +0000] GET 304 /api/profile [HTTP/1.1] 3
[26/Apr/2021:11:26:23 +0000] GET 304 /api/read [HTTP/1.1] 5
[26/Apr/2021:11:27:34 +0000] GET 304 / [HTTP/1.1] 1
[26/Apr/2021:11:27:34 +0000] GET 304 /api/read [HTTP/1.1] 9
[26/Apr/2021:11:27:36 +0000] GET 304 /api/car-requist [HTTP/1.1] 8
[26/Apr/2021:11:27:37 +0000] GET 304 /api/profile [HTTP/1.1] 9
[26/Apr/2021:11:27:40 +0000] GET 304 /api/car-requist [HTTP/1.1] 8
[26/Apr/2021:11:27:43 +0000] GET 304 /api/profile [HTTP/1.1] 7
[26/Apr/2021:11:27:44 +0000] GET 304 /api/car-requist [HTTP/1.1] 7
[26/Apr/2021:11:27:46 +0000] GET 200 /api/get-try-car [HTTP/1.1] 7
[26/Apr/2021:11:27:55 +0000] GET 304 /api/car-requist [HTTP/1.1] 2
[26/Apr/2021:11:27:55 +0000] GET 304 /api/profile [HTTP/1.1] 3
[26/Apr/2021:11:33:29 +0000] GET 304 / [HTTP/1.1] 11
[26/Apr/2021:11:33:29 +0000] GET 304 /api/read [HTTP/1.1] 45
[26/Apr/2021:11:33:31 +0000] GET 304 /api/car-requist [HTTP/1.1] 8
[26/Apr/2021:11:33:33 +0000] GET 304 /api/profile [HTTP/1.1] 15
[26/Apr/2021:11:33:33 +0000] GET 304 /api/car-requist [HTTP/1.1] 5
[26/Apr/2021:11:33:34 +0000] GET 304 /api/get-try-car [HTTP/1.1] 6
[26/Apr/2021:11:33:35 +0000] GET 304 /api/profile [HTTP/1.1] 7
